2025-03-25 13:20:26,032 - __main__ - INFO - Logs cleared for new generation
2025-03-25 13:20:26,032 - __main__ - INFO - ==================================================
2025-03-25 13:20:26,032 - __main__ - INFO - Starting 3D Model Generator
2025-03-25 13:20:26,032 - __main__ - INFO - Time: 2025-03-25T13:20:26.032258
2025-03-25 13:20:26,032 - __main__ - INFO - Configuration:
2025-03-25 13:20:26,032 - __main__ - INFO -   - Max Generation Attempts: 3
2025-03-25 13:20:26,032 - __main__ - INFO -   - Similarity Threshold: 0.70
2025-03-25 13:20:26,032 - __main__ - INFO -   - Output Directory: output
2025-03-25 13:20:26,032 - __main__ - INFO - ==================================================
2025-03-25 13:20:27,911 - __main__ - INFO - Starting knowledge deletion
2025-03-25 13:20:27,911 - __main__ - INFO - Starting knowledge deletion
2025-03-25 13:20:27,911 - __main__ - DEBUG - Initializing knowledge base for deletion
2025-03-25 13:20:27,981 - urllib3.util.retry - DEBUG - Converted retries value: 2 -> Retry(total=2, connect=None, read=None, redirect=None, status=None)
2025-03-25 13:20:27,987 - chromadb.telemetry.product.posthog - INFO - Anonymized telemetry enabled. See                     https://docs.trychroma.com/telemetry for more information.
2025-03-25 13:20:28,144 - chromadb.config - DEBUG - Starting component System
2025-03-25 13:20:28,144 - chromadb.config - DEBUG - Starting component Posthog
2025-03-25 13:20:28,145 - chromadb.config - DEBUG - Starting component OpenTelemetryClient
2025-03-25 13:20:28,145 - chromadb.config - DEBUG - Starting component SqliteDB
2025-03-25 13:20:28,148 - chromadb.config - DEBUG - Starting component SimpleQuotaEnforcer
2025-03-25 13:20:28,148 - chromadb.config - DEBUG - Starting component SimpleRateLimitEnforcer
2025-03-25 13:20:28,148 - chromadb.config - DEBUG - Starting component LocalSegmentManager
2025-03-25 13:20:28,148 - chromadb.config - DEBUG - Starting component LocalExecutor
2025-03-25 13:20:28,148 - chromadb.config - DEBUG - Starting component SegmentAPI
2025-03-25 13:20:28,656 - urllib3.connectionpool - DEBUG - Starting new HTTPS connection (1): us.i.posthog.com:443
2025-03-25 13:20:29,600 - urllib3.connectionpool - DEBUG - https://us.i.posthog.com:443 "POST /batch/ HTTP/1.1" 200 15
2025-03-25 13:20:31,922 - sentence_transformers.SentenceTransformer - INFO - Load pretrained SentenceTransformer: all-MiniLM-L6-v2
2025-03-25 13:20:31,923 - urllib3.connectionpool - DEBUG - Starting new HTTPS connection (1): huggingface.co:443
2025-03-25 13:20:37,835 - urllib3.connectionpool - DEBUG - https://huggingface.co:443 "HEAD /sentence-transformers/all-MiniLM-L6-v2/resolve/main/modules.json HTTP/1.1" 200 0
2025-03-25 13:20:38,085 - urllib3.connectionpool - DEBUG - https://huggingface.co:443 "HEAD /sentence-transformers/all-MiniLM-L6-v2/resolve/main/config_sentence_transformers.json HTTP/1.1" 200 0
2025-03-25 13:20:38,332 - urllib3.connectionpool - DEBUG - https://huggingface.co:443 "HEAD /sentence-transformers/all-MiniLM-L6-v2/resolve/main/README.md HTTP/1.1" 200 0
2025-03-25 13:20:38,582 - urllib3.connectionpool - DEBUG - https://huggingface.co:443 "HEAD /sentence-transformers/all-MiniLM-L6-v2/resolve/main/modules.json HTTP/1.1" 200 0
2025-03-25 13:20:38,821 - urllib3.connectionpool - DEBUG - https://huggingface.co:443 "HEAD /sentence-transformers/all-MiniLM-L6-v2/resolve/main/sentence_bert_config.json HTTP/1.1" 200 0
2025-03-25 13:20:39,073 - urllib3.connectionpool - DEBUG - https://huggingface.co:443 "HEAD /sentence-transformers/all-MiniLM-L6-v2/resolve/main/adapter_config.json HTTP/1.1" 404 0
2025-03-25 13:20:39,312 - urllib3.connectionpool - DEBUG - https://huggingface.co:443 "HEAD /sentence-transformers/all-MiniLM-L6-v2/resolve/main/config.json HTTP/1.1" 200 0
2025-03-25 13:20:39,680 - urllib3.connectionpool - DEBUG - https://huggingface.co:443 "HEAD /sentence-transformers/all-MiniLM-L6-v2/resolve/main/tokenizer_config.json HTTP/1.1" 200 0
2025-03-25 13:20:40,003 - urllib3.connectionpool - DEBUG - https://huggingface.co:443 "GET /api/models/sentence-transformers/all-MiniLM-L6-v2/revision/main HTTP/1.1" 200 6740
2025-03-25 13:20:40,281 - urllib3.connectionpool - DEBUG - https://huggingface.co:443 "GET /api/models/sentence-transformers/all-MiniLM-L6-v2 HTTP/1.1" 200 6740
2025-03-25 13:20:45,015 - urllib3.connectionpool - DEBUG - https://us.i.posthog.com:443 "POST /batch/ HTTP/1.1" 200 15
