2025-03-25 13:20:26,032 - __main__ - INFO
Function: clear_logs
Message: Logs cleared for new generation
-------------------

2025-03-25 13:20:26,032 - __main__ - INFO
Function: main
Message: ==================================================
-------------------

2025-03-25 13:20:26,032 - __main__ - INFO
Function: main
Message: Starting 3D Model Generator
-------------------

2025-03-25 13:20:26,032 - __main__ - INFO
Function: main
Message: Time: 2025-03-25T13:20:26.032258
-------------------

2025-03-25 13:20:26,032 - __main__ - INFO
Function: main
Message: Configuration:
-------------------

2025-03-25 13:20:26,032 - __main__ - INFO
Function: main
Message:   - Max Generation Attempts: 3
-------------------

2025-03-25 13:20:26,032 - __main__ - INFO
Function: main
Message:   - Similarity Threshold: 0.70
-------------------

2025-03-25 13:20:26,032 - __main__ - INFO
Function: main
Message:   - Output Directory: output
-------------------

2025-03-25 13:20:26,032 - __main__ - INFO
Function: main
Message: ==================================================
-------------------

2025-03-25 13:20:27,911 - __main__ - INFO
Function: main
Message: Starting knowledge deletion
-------------------

2025-03-25 13:20:27,911 - __main__ - INFO
Function: delete_knowledge
Message: Starting knowledge deletion
-------------------

2025-03-25 13:20:27,911 - __main__ - DEBUG
Function: delete_knowledge
Message: Initializing knowledge base for deletion
-------------------

